0 info it worked if it ends with ok
1 verbose cli [ '/home/ubuntu/.nvm/versions/node/v7.7.1/bin/node',
1 verbose cli   '/home/ubuntu/.nvm/versions/node/v7.7.1/bin/npm',
1 verbose cli   'publish' ]
2 info using npm@4.1.2
3 info using node@v7.7.1
4 verbose publish [ '.' ]
5 silly cache add args [ '.', null ]
6 verbose cache add spec .
7 silly cache add parsed spec Result {
7 silly cache add   raw: '.',
7 silly cache add   scope: null,
7 silly cache add   escapedName: null,
7 silly cache add   name: null,
7 silly cache add   rawSpec: '.',
7 silly cache add   spec: '/home/ubuntu/workspace',
7 silly cache add   type: 'directory' }
8 verbose addLocalDirectory /home/ubuntu/.npm/vuex-firebase/0.0.7/package.tgz not in flight; packing
9 verbose correctMkdir /home/ubuntu/.npm correctMkdir not in flight; initializing
10 info lifecycle vuex-firebase@0.0.7~prepublish: vuex-firebase@0.0.7
11 silly lifecycle vuex-firebase@0.0.7~prepublish: no script for prepublish, continuing
12 info lifecycle vuex-firebase@0.0.7~prepare: vuex-firebase@0.0.7
13 silly lifecycle vuex-firebase@0.0.7~prepare: no script for prepare, continuing
14 verbose tar pack [ '/home/ubuntu/.npm/vuex-firebase/0.0.7/package.tgz',
14 verbose tar pack   '/home/ubuntu/workspace' ]
15 verbose tarball /home/ubuntu/.npm/vuex-firebase/0.0.7/package.tgz
16 verbose folder /home/ubuntu/workspace
17 verbose addLocalTarball adding from inside cache /home/ubuntu/.npm/vuex-firebase/0.0.7/package.tgz
18 verbose correctMkdir /home/ubuntu/.npm correctMkdir not in flight; initializing
19 silly cache afterAdd vuex-firebase@0.0.7
20 verbose afterAdd /home/ubuntu/.npm/vuex-firebase/0.0.7/package/package.json not in flight; writing
21 verbose correctMkdir /home/ubuntu/.npm correctMkdir not in flight; initializing
22 verbose afterAdd /home/ubuntu/.npm/vuex-firebase/0.0.7/package/package.json written
23 silly publish { name: 'vuex-firebase',
23 silly publish   version: '0.0.7',
23 silly publish   description: 'Sync Firebase Data to Vuex',
23 silly publish   main: 'dist/vuex-firebase.js',
23 silly publish   scripts: { build: 'webpack' },
23 silly publish   repository:
23 silly publish    { type: 'git',
23 silly publish      url: 'git+https://github.com/ralphchristianeclipse/vuex-firebase.git' },
23 silly publish   keywords: [ 'vuex', 'firebase', 'bind', 'sync' ],
23 silly publish   author: { name: 'Ralph Christian D. Eclipse' },
23 silly publish   license: 'ISC',
23 silly publish   bugs: { url: 'https://github.com/ralphchristianeclipse/vuex-firebase/issues' },
23 silly publish   homepage: 'https://github.com/ralphchristianeclipse/vuex-firebase#readme',
23 silly publish   devDependencies:
23 silly publish    { 'babel-core': '^6.23.1',
23 silly publish      'babel-loader': '^6.3.2',
23 silly publish      'babel-preset-env': '^1.2.0',
23 silly publish      'babel-preset-stage-0': '^6.22.0',
23 silly publish      webpack: '^2.2.1' },
23 silly publish   readme: '# vuex-firebase\nSync Firebase Data to Vuex\n\n## How to Use\n\n\'js\n    import Vue from \'vue\';\n    import Vuex from \'vuex\';\n    import FireBase from \'firebase\';\n    import VuexFirebase from \'vuex-firebase\';\n    Vue.use(Vuex);\n    const store = new Vuex.Store(); //pass your store object\n    \n    VuexFirebase(store,FireBase,Vue);\n    \n    then use it on Vue Root\n    \n    new Vue({\n        el: \'#app\',\n        beforeCreate() {\n            this.$store.dispatch(\'VUEX_FIREBASE_BIND\', {\n                users: {} // select the users node in firebase\n            })\n        }\n    })\n\'',
23 silly publish   readmeFilename: 'README.md',
23 silly publish   gitHead: 'cde4235aec0fe26c17a8ff5f8ce941db7c98ff3e',
23 silly publish   _id: 'vuex-firebase@0.0.7',
23 silly publish   _shasum: '63c1fde2ff0bc8ced7645b6ff34092bfbbddf52e',
23 silly publish   _from: '.' }
24 info lifecycle vuex-firebase@0.0.7~prepublishOnly: vuex-firebase@0.0.7
25 silly lifecycle vuex-firebase@0.0.7~prepublishOnly: no script for prepublishOnly, continuing
26 verbose getPublishConfig undefined
27 silly mapToRegistry name vuex-firebase
28 silly mapToRegistry using default registry
29 silly mapToRegistry registry https://registry.npmjs.org/
30 silly mapToRegistry data Result {
30 silly mapToRegistry   raw: 'vuex-firebase',
30 silly mapToRegistry   scope: null,
30 silly mapToRegistry   escapedName: 'vuex-firebase',
30 silly mapToRegistry   name: 'vuex-firebase',
30 silly mapToRegistry   rawSpec: '',
30 silly mapToRegistry   spec: 'latest',
30 silly mapToRegistry   type: 'tag' }
31 silly mapToRegistry uri https://registry.npmjs.org/vuex-firebase
32 verbose publish registryBase https://registry.npmjs.org/
33 silly publish uploading /home/ubuntu/.npm/vuex-firebase/0.0.7/package.tgz
34 verbose request uri https://registry.npmjs.org/vuex-firebase
35 verbose request sending authorization for write operation
36 info attempt registry request try #1 at 6:11:33 AM
37 verbose request using bearer token for auth
38 verbose request id 790ccafd3e587966
39 http request PUT https://registry.npmjs.org/vuex-firebase
40 http 403 https://registry.npmjs.org/vuex-firebase
41 verbose headers { 'content-type': 'application/json',
41 verbose headers   'cache-control': 'max-age=300',
41 verbose headers   'content-length': '95',
41 verbose headers   'accept-ranges': 'bytes',
41 verbose headers   date: 'Mon, 06 Mar 2017 06:11:34 GMT',
41 verbose headers   via: '1.1 varnish',
41 verbose headers   connection: 'keep-alive',
41 verbose headers   'x-served-by': 'cache-hkg6825-HKG',
41 verbose headers   'x-cache': 'MISS',
41 verbose headers   'x-cache-hits': '0',
41 verbose headers   'x-timer': 'S1488780693.643634,VS0,VE885',
41 verbose headers   vary: 'Accept-Encoding' }
42 verbose request invalidating /home/ubuntu/.npm/registry.npmjs.org/vuex-firebase on PUT
43 error publish Failed PUT 403
44 verbose stack Error: "You cannot publish over the previously published version 0.0.7." : vuex-firebase
44 verbose stack     at makeError (/home/ubuntu/.nvm/versions/node/v7.7.1/lib/node_modules/npm/node_modules/npm-registry-client/lib/request.js:304:12)
44 verbose stack     at CachingRegistryClient.<anonymous> (/home/ubuntu/.nvm/versions/node/v7.7.1/lib/node_modules/npm/node_modules/npm-registry-client/lib/request.js:292:14)
44 verbose stack     at Request._callback (/home/ubuntu/.nvm/versions/node/v7.7.1/lib/node_modules/npm/node_modules/npm-registry-client/lib/request.js:212:14)
44 verbose stack     at Request.self.callback (/home/ubuntu/.nvm/versions/node/v7.7.1/lib/node_modules/npm/node_modules/request/request.js:186:22)
44 verbose stack     at emitTwo (events.js:106:13)
44 verbose stack     at Request.emit (events.js:194:7)
44 verbose stack     at Request.<anonymous> (/home/ubuntu/.nvm/versions/node/v7.7.1/lib/node_modules/npm/node_modules/request/request.js:1081:10)
44 verbose stack     at emitOne (events.js:96:13)
44 verbose stack     at Request.emit (events.js:191:7)
44 verbose stack     at IncomingMessage.<anonymous> (/home/ubuntu/.nvm/versions/node/v7.7.1/lib/node_modules/npm/node_modules/request/request.js:1001:12)
45 verbose statusCode 403
46 verbose pkgid vuex-firebase
47 verbose cwd /home/ubuntu/workspace
48 error Linux 4.8.8-c9
49 error argv "/home/ubuntu/.nvm/versions/node/v7.7.1/bin/node" "/home/ubuntu/.nvm/versions/node/v7.7.1/bin/npm" "publish"
50 error node v7.7.1
51 error npm  v4.1.2
52 error code E403
53 error "You cannot publish over the previously published version 0.0.7." : vuex-firebase
54 error If you need help, you may report this error at:
54 error     <https://github.com/npm/npm/issues>
55 verbose exit [ 1, true ]
